\BOOKMARK [0][-]{section*.2}{\376\377\000A\000\040\000c\000o\000h\000e\000r\000e\000n\000t\000l\000y\000\040\000s\000t\000i\000m\000u\000l\000a\000t\000e\000d\000\040\000B\000r\000i\000l\000l\000o\000u\000i\000n\000\040\000s\000p\000e\000c\000t\000r\000o\000m\000e\000t\000e\000r}{}% 2
\BOOKMARK [1][-]{section*.1}{\376\377\000A\000b\000s\000t\000r\000a\000c\000t}{section*.2}% 1
\BOOKMARK [1][-]{section*.3}{\376\377\000I\000n\000t\000r\000o\000d\000u\000c\000t\000i\000o\000n}{section*.2}% 3
\BOOKMARK [1][-]{section*.4}{\376\377\000T\000h\000e\000o\000r\000e\000t\000i\000c\000a\000l\000\040\000F\000r\000a\000m\000e\000w\000o\000r\000k}{section*.2}% 4
\BOOKMARK [2][-]{section*.5}{\376\377\000C\000o\000h\000e\000r\000e\000n\000t\000l\000y\000\040\000s\000t\000i\000m\000u\000l\000a\000t\000e\000d\000\040\000f\000o\000u\000r\000-\000w\000a\000v\000e\000\040\000B\000r\000i\000l\000l\000o\000u\000i\000n\000\040\000s\000c\000a\000t\000t\000e\000r\000i\000n\000g}{section*.4}% 5
\BOOKMARK [2][-]{section*.6}{\376\377\000P\000h\000a\000s\000e\000\040\000m\000a\000t\000c\000h\000i\000n\000g\000\040\000r\000e\000l\000a\000x\000a\000t\000i\000o\000n}{section*.4}% 6
\BOOKMARK [1][-]{section*.7}{\376\377\000M\000e\000t\000h\000o\000d\000s}{section*.2}% 7
\BOOKMARK [2][-]{section*.8}{\376\377\000I\000n\000s\000t\000r\000u\000m\000e\000n\000t\000\040\000d\000e\000s\000i\000g\000n}{section*.7}% 8
\BOOKMARK [2][-]{section*.9}{\376\377\000E\000x\000p\000e\000r\000i\000m\000e\000n\000t\000a\000l\000\040\000T\000e\000c\000h\000n\000i\000q\000u\000e\000s}{section*.7}% 9
\BOOKMARK [1][-]{section*.10}{\376\377\000R\000e\000s\000u\000l\000t\000s}{section*.2}% 10
\BOOKMARK [2][-]{section*.11}{\376\377\000I\000n\000s\000t\000r\000u\000m\000e\000n\000t\000\040\000s\000e\000n\000s\000i\000t\000i\000v\000i\000t\000y}{section*.10}% 11
\BOOKMARK [2][-]{section*.12}{\376\377\000M\000e\000a\000s\000u\000r\000e\000m\000e\000n\000t\000s}{section*.10}% 12
\BOOKMARK [2][-]{section*.13}{\376\377\000P\000h\000a\000s\000e\000\040\000M\000a\000t\000c\000h\000i\000n\000g\000\040\000B\000a\000n\000d\000w\000i\000d\000t\000h}{section*.10}% 13
\BOOKMARK [1][-]{section*.14}{\376\377\000C\000o\000n\000c\000l\000u\000s\000i\000o\000n}{section*.2}% 14
\BOOKMARK [1][-]{section*.15}{\376\377\000A\000c\000k\000n\000o\000w\000l\000e\000d\000g\000m\000e\000n\000t\000s}{section*.2}% 15
\BOOKMARK [1][-]{section*.16}{\376\377\000C\000o\000u\000p\000l\000e\000d\000-\000W\000a\000v\000e\000\040\000E\000q\000u\000a\000t\000i\000o\000n\000s}{section*.2}% 16
\BOOKMARK [2][-]{section*.17}{\376\377\000A\000c\000o\000u\000s\000t\000i\000c\000\040\000F\000i\000e\000l\000d}{section*.16}% 17
\BOOKMARK [2][-]{section*.18}{\376\377\000O\000p\000t\000i\000c\000a\000l\000\040\000F\000i\000e\000l\000d\000s}{section*.16}% 18
\BOOKMARK [1][-]{section*.19}{\376\377\000P\000u\000m\000p\000,\000\040\000S\000t\000o\000k\000e\000s\000,\000\040\000a\000n\000d\000\040\000P\000r\000o\000b\000e\000\040\000C\000o\000n\000t\000r\000i\000b\000u\000t\000e\000\040\000E\000q\000u\000a\000l\000l\000y}{section*.2}% 19
\BOOKMARK [1][-]{section*.20}{\376\377\000C\000o\000m\000p\000a\000r\000i\000s\000o\000n\000\040\000t\000o\000\040\000S\000B\000S}{section*.2}% 20
\BOOKMARK [2][-]{section*.21}{\376\377\0001\000\040\000C\000e\000n\000t\000i\000m\000e\000t\000e\000r\000\040\000U\000H\000N\000A\0003\000\040\000S\000c\000a\000t\000t\000e\000r\000e\000d\000\040\000P\000o\000w\000e\000r}{section*.20}% 21
\BOOKMARK [2][-]{section*.22}{\376\377\0001\0000\0000\000\040\000M\000i\000c\000r\000o\000m\000e\000t\000e\000r\000s\000\040\000C\000S\0002\000\040\000S\000c\000a\000t\000t\000e\000r\000e\000d\000\040\000P\000o\000w\000e\000r}{section*.20}% 22
\BOOKMARK [1][-]{section*.23}{\376\377\000A\000l\000t\000e\000r\000n\000a\000t\000i\000v\000e\000\040\000C\000o\000n\000f\000i\000g\000u\000r\000a\000t\000i\000o\000n\000s}{section*.2}% 23
\BOOKMARK [2][-]{section*.24}{\376\377\000M\000i\000r\000r\000o\000r\000e\000d\000\040\000D\000e\000s\000i\000g\000n}{section*.23}% 24
\BOOKMARK [2][-]{section*.25}{\376\377\000F\000o\000r\000w\000a\000r\000d\000\040\000S\000c\000a\000t\000t\000e\000r\000i\000n\000g}{section*.23}% 25
\BOOKMARK [2][-]{section*.26}{\376\377\000R\000a\000d\000i\000a\000l\000\040\000M\000o\000d\000e\000s}{section*.23}% 26
\BOOKMARK [2][-]{section*.27}{\376\377\000S\000h\000e\000a\000r\000\040\000M\000o\000d\000e\000s}{section*.23}% 27
\BOOKMARK [2][-]{section*.28}{\376\377\000T\000o\000r\000s\000i\000o\000n\000a\000l\000\040\000M\000o\000d\000e\000s}{section*.23}% 28
\BOOKMARK [2][-]{section*.29}{\376\377\000C\000o\000h\000e\000r\000e\000n\000t\000\040\000R\000a\000m\000a\000n\000\040\000S\000p\000e\000c\000t\000r\000o\000s\000c\000o\000p\000y}{section*.23}% 29
\BOOKMARK [1][-]{section*.30}{\376\377\000R\000e\000f\000e\000r\000e\000n\000c\000e\000s}{section*.2}% 30
